<?xml version="1.0" encoding="UTF-8"?>
<!-- Generated by org.testng.reporters.JUnitReportReporter -->
<testsuite hostname="Techlearn" failures="0" tests="2" name="iframesinselenium.HandleIframes" time="34.832" errors="0" timestamp="2024-09-14T08:58:45 IST" skipped="1">
  <testcase classname="iframesinselenium.HandleIframes" name="frames" time="34.832"/>
  <testcase classname="iframesinselenium.HandleIframes" name="google">
    <skipped/>
  </testcase> <!-- google -->
</testsuite> <!-- iframesinselenium.HandleIframes -->
