<?xml version="1.0" encoding="UTF-8"?>
<!-- Generated by org.testng.reporters.JUnitReportReporter -->
<testsuite hostname="Techlearn" failures="0" tests="10" name="testngframework.TestNG_91_DataProvider" time="12.717" errors="0" timestamp="2024-09-23T09:20:19 IST" skipped="0">
  <testcase classname="testngframework.TestNG_91_DataProvider" name="login" time="0.870"/>
  <testcase classname="testngframework.TestNG_91_DataProvider" name="login" time="0.890"/>
  <testcase classname="testngframework.TestNG_91_DataProvider" name="login" time="0.848"/>
  <testcase classname="testngframework.TestNG_91_DataProvider" name="login" time="0.892"/>
  <testcase classname="testngframework.TestNG_91_DataProvider" name="login" time="0.912"/>
  <testcase classname="testngframework.TestNG_91_DataProvider" name="login" time="3.584"/>
  <testcase classname="testngframework.TestNG_91_DataProvider" name="login" time="0.785"/>
  <testcase classname="testngframework.TestNG_91_DataProvider" name="login" time="0.858"/>
  <testcase classname="testngframework.TestNG_91_DataProvider" name="login" time="0.762"/>
  <testcase classname="testngframework.TestNG_91_DataProvider" name="login" time="2.316"/>
</testsuite> <!-- testngframework.TestNG_91_DataProvider -->
