<?xml version="1.0" encoding="UTF-8"?>
<!-- Generated by org.testng.reporters.JUnitReportReporter -->
<testsuite hostname="Techlearn" failures="0" tests="1" name="alertwindowhandles.PopupAlerts" time="16.223" errors="0" timestamp="2024-09-09T09:39:34 IST" skipped="0">
  <testcase classname="alertwindowhandles.PopupAlerts" name="alertwindowsendtextokCancelbutton" time="16.223"/>
</testsuite> <!-- alertwindowhandles.PopupAlerts -->
