<?xml version="1.0" encoding="UTF-8"?>
<!-- Generated by org.testng.reporters.JUnitReportReporter -->
<testsuite hostname="Techlearn" failures="0" tests="6" name="testngframework.TestNG_3_Skip_Ignore_Disabled" time="1.592" errors="0" timestamp="2024-09-03T09:16:07 IST" skipped="4">
  <testcase classname="testngframework.TestNG_3_Skip_Ignore_Disabled" name="selenium" time="0.663"/>
  <testcase classname="testngframework.TestNG_3_Skip_Ignore_Disabled" name="facebook" time="0.929"/>
  <testcase classname="testngframework.TestNG_3_Skip_Ignore_Disabled" name="twitter">
    <skipped/>
  </testcase> <!-- twitter -->
  <testcase classname="testngframework.TestNG_3_Skip_Ignore_Disabled" name="google">
    <skipped/>
  </testcase> <!-- google -->
  <testcase classname="testngframework.TestNG_3_Skip_Ignore_Disabled" name="gmail">
    <skipped/>
  </testcase> <!-- gmail -->
  <testcase classname="testngframework.TestNG_3_Skip_Ignore_Disabled" name="redmine">
    <skipped/>
  </testcase> <!-- redmine -->
</testsuite> <!-- testngframework.TestNG_3_Skip_Ignore_Disabled -->
