<?xml version="1.0" encoding="UTF-8"?>
<!-- Generated by org.testng.reporters.JUnitReportReporter -->
<testsuite hostname="Techlearn" failures="0" tests="1" name="screenshots.FullpageScreenshot" time="31.899" errors="0" timestamp="2024-09-18T09:57:28 IST" skipped="0">
  <testcase classname="screenshots.FullpageScreenshot" name="CompletePageScreenshot" time="31.899"/>
</testsuite> <!-- screenshots.FullpageScreenshot -->
