<?xml version="1.0" encoding="UTF-8"?>
<!-- Generated by org.testng.reporters.JUnitReportReporter -->
<testsuite hostname="Techlearn" failures="0" tests="12" name="testngframework.TestNG_92_CrossBrowserTesting" time="41.138" errors="0" timestamp="2024-09-24T13:13:13 IST" skipped="0">
  <testcase classname="testngframework.TestNG_92_CrossBrowserTesting" name="googletechlearn" time="2.731"/>
  <testcase classname="testngframework.TestNG_92_CrossBrowserTesting" name="googleSelenium" time="4.966"/>
  <testcase classname="testngframework.TestNG_92_CrossBrowserTesting" name="googlesearch" time="2.741"/>
  <testcase classname="testngframework.TestNG_92_CrossBrowserTesting" name="googletest" time="4.043"/>
  <testcase classname="testngframework.TestNG_92_CrossBrowserTesting" name="googletechlearn" time="2.756"/>
  <testcase classname="testngframework.TestNG_92_CrossBrowserTesting" name="googletest" time="3.101"/>
  <testcase classname="testngframework.TestNG_92_CrossBrowserTesting" name="googletest" time="3.133"/>
  <testcase classname="testngframework.TestNG_92_CrossBrowserTesting" name="googletechlearn" time="4.124"/>
  <testcase classname="testngframework.TestNG_92_CrossBrowserTesting" name="googlesearch" time="2.983"/>
  <testcase classname="testngframework.TestNG_92_CrossBrowserTesting" name="googleSelenium" time="3.635"/>
  <testcase classname="testngframework.TestNG_92_CrossBrowserTesting" name="googleSelenium" time="4.052"/>
  <testcase classname="testngframework.TestNG_92_CrossBrowserTesting" name="googlesearch" time="2.873"/>
</testsuite> <!-- testngframework.TestNG_92_CrossBrowserTesting -->
