<?xml version="1.0" encoding="UTF-8"?>
<!-- Generated by org.testng.reporters.JUnitReportReporter -->
<testsuite hostname="Techlearn" failures="0" tests="8" name="testngframework.TestNG_5_InvocationCount" time="38.074" errors="0" timestamp="2024-09-16T11:23:45 IST" skipped="0">
  <testcase classname="testngframework.TestNG_5_InvocationCount" name="method2" time="4.366"/>
  <testcase classname="testngframework.TestNG_5_InvocationCount" name="method2" time="4.444"/>
  <testcase classname="testngframework.TestNG_5_InvocationCount" name="method2" time="3.657"/>
  <testcase classname="testngframework.TestNG_5_InvocationCount" name="method2" time="4.781"/>
  <testcase classname="testngframework.TestNG_5_InvocationCount" name="method2" time="4.338"/>
  <testcase classname="testngframework.TestNG_5_InvocationCount" name="method2" time="3.749"/>
  <testcase classname="testngframework.TestNG_5_InvocationCount" name="method2" time="8.316"/>
  <testcase classname="testngframework.TestNG_5_InvocationCount" name="method1" time="4.423"/>
</testsuite> <!-- testngframework.TestNG_5_InvocationCount -->
