<?xml version="1.0" encoding="UTF-8"?>
<!-- Generated by org.testng.reporters.JUnitReportReporter -->
<testsuite hostname="Techlearn" failures="0" tests="2" name="testngframework.TestNG_8_TimeOut_Feature" time="7.999" errors="0" timestamp="2024-09-20T10:00:32 IST" skipped="0">
  <testcase classname="testngframework.TestNG_8_TimeOut_Feature" name="method1" time="4.245"/>
  <testcase classname="testngframework.TestNG_8_TimeOut_Feature" name="method2" time="3.754"/>
</testsuite> <!-- testngframework.TestNG_8_TimeOut_Feature -->
