<?xml version="1.0" encoding="UTF-8"?>
<!-- Generated by org.testng.reporters.JUnitReportReporter -->
<testsuite hostname="Techlearn" failures="0" tests="1" name="newtabwindowhandles.NewTabFunctionality" time="49.863" errors="0" timestamp="2024-09-14T09:17:05 IST" skipped="0">
  <testcase classname="newtabwindowhandles.NewTabFunctionality" name="newtabs" time="49.863"/>
</testsuite> <!-- newtabwindowhandles.NewTabFunctionality -->
