<?xml version="1.0" encoding="UTF-8"?>
<!-- Generated by org.testng.reporters.JUnitReportReporter -->
<testsuite hostname="Techlearn" failures="0" tests="1" name="screenshots.ErrorPageScreenshot" time="2.740" errors="0" timestamp="2024-09-18T09:50:15 IST" skipped="0">
  <testcase classname="screenshots.ErrorPageScreenshot" name="googlesearch" time="2.740"/>
</testsuite> <!-- screenshots.ErrorPageScreenshot -->
