<?xml version="1.0" encoding="UTF-8"?>
<!-- Generated by org.testng.reporters.JUnitReportReporter -->
<testsuite hostname="Techlearn" failures="0" tests="3" name="testngframework.TestNG_9_TestCases_Groups" time="7.292" errors="0" timestamp="2024-09-05T09:19:47 IST" skipped="0">
  <testcase classname="testngframework.TestNG_9_TestCases_Groups" name="twitter" time="4.772"/>
  <testcase classname="testngframework.TestNG_9_TestCases_Groups" name="gmail" time="2.139"/>
  <testcase classname="testngframework.TestNG_9_TestCases_Groups" name="facebook" time="0.381"/>
</testsuite> <!-- testngframework.TestNG_9_TestCases_Groups -->
