<?xml version="1.0" encoding="UTF-8"?>
<!-- Generated by org.testng.reporters.JUnitReportReporter -->
<testsuite hostname="Techlearn" failures="0" tests="2" name="demotestng.GoogleSearch" time="11.798" errors="0" timestamp="2024-09-04T09:26:49 IST" skipped="0">
  <testcase classname="demotestng.GoogleSearch" name="searchtechlearn" time="4.464"/>
  <testcase classname="demotestng.GoogleSearch" name="searchtestngxml" time="7.334"/>
</testsuite> <!-- demotestng.GoogleSearch -->
