<?xml version="1.0" encoding="UTF-8"?>
<!-- Generated by org.testng.reporters.JUnitReportReporter -->
<testsuite hostname="Techlearn" failures="0" tests="1" name="screenshots.SelectedWebElementScreenshot" time="4.584" errors="0" timestamp="2024-09-18T09:32:40 IST" skipped="0">
  <testcase classname="screenshots.SelectedWebElementScreenshot" name="TakeScreenShot" time="4.584"/>
</testsuite> <!-- screenshots.SelectedWebElementScreenshot -->
