<?xml version="1.0" encoding="UTF-8"?>
<!-- Generated by org.testng.reporters.JUnitReportReporter -->
<testsuite hostname="Techlearn" failures="0" tests="1" name="fileupload.UploadFile" time="5.191" errors="0" timestamp="2024-09-10T09:46:16 IST" skipped="0">
  <testcase classname="fileupload.UploadFile" name="attachfile" time="5.191"/>
</testsuite> <!-- fileupload.UploadFile -->
