<?xml version="1.0" encoding="UTF-8"?>
<!-- Generated by org.testng.reporters.JUnitReportReporter -->
<testsuite hostname="Techlearn" failures="0" tests="1" name="verificationprocess.isDisplayedisEnabledisSelected" time="7.484" errors="0" timestamp="2024-09-17T09:33:58 IST" skipped="0">
  <testcase classname="verificationprocess.isDisplayedisEnabledisSelected" name="isSelectedMethod" time="7.484"/>
</testsuite> <!-- verificationprocess.isDisplayedisEnabledisSelected -->
