<?xml version="1.0" encoding="UTF-8"?>
<!-- Generated by org.testng.reporters.JUnitReportReporter -->
<testsuite hostname="Techlearn" failures="0" tests="6" name="testngframework.TestNG_1_TestCase_Exe_Alphabatical_Order" time="17.521" errors="0" timestamp="2024-09-02T09:48:51 IST" skipped="0">
  <testcase classname="testngframework.TestNG_1_TestCase_Exe_Alphabatical_Order" name="google" time="1.269"/>
  <testcase classname="testngframework.TestNG_1_TestCase_Exe_Alphabatical_Order" name="selenium" time="1.096"/>
  <testcase classname="testngframework.TestNG_1_TestCase_Exe_Alphabatical_Order" name="twitter" time="5.570"/>
  <testcase classname="testngframework.TestNG_1_TestCase_Exe_Alphabatical_Order" name="redmine" time="5.513"/>
  <testcase classname="testngframework.TestNG_1_TestCase_Exe_Alphabatical_Order" name="facebook" time="0.991"/>
  <testcase classname="testngframework.TestNG_1_TestCase_Exe_Alphabatical_Order" name="gmail" time="3.082"/>
</testsuite> <!-- testngframework.TestNG_1_TestCase_Exe_Alphabatical_Order -->
