<?xml version="1.0" encoding="UTF-8"?>
<!-- Generated by org.testng.reporters.JUnitReportReporter -->
<testsuite hostname="Techlearn" failures="0" tests="1" name="testngframework.TestNG_7_Run_TestCases_XML_File" time="1.056" errors="0" timestamp="2024-09-25T13:41:06 IST" skipped="0">
  <testcase classname="testngframework.TestNG_7_Run_TestCases_XML_File" name="TestCase3" time="1.056"/>
</testsuite> <!-- testngframework.TestNG_7_Run_TestCases_XML_File -->
