<?xml version="1.0" encoding="UTF-8"?>
<!-- Generated by org.testng.reporters.JUnitReportReporter -->
<testsuite hostname="Techlearn" failures="0" tests="1" name="log4jframework.Log4jTutorial" time="5.206" errors="0" timestamp="2024-09-19T10:11:33 IST" skipped="0">
  <testcase classname="log4jframework.Log4jTutorial" name="googlesearch" time="5.206"/>
</testsuite> <!-- log4jframework.Log4jTutorial -->
