<?xml version="1.0" encoding="UTF-8"?>
<!-- Generated by org.testng.reporters.JUnitReportReporter -->
<testsuite hostname="Techlearn" failures="0" tests="2" name="screenshots.TimeformateScreenshot" time="8.648" errors="0" timestamp="2024-09-18T09:22:04 IST" skipped="1">
  <testcase classname="screenshots.TimeformateScreenshot" name="googlesearch" time="8.648"/>
  <testcase classname="screenshots.TimeformateScreenshot" name="facebook">
    <skipped/>
  </testcase> <!-- facebook -->
</testsuite> <!-- screenshots.TimeformateScreenshot -->
