<?xml version="1.0" encoding="UTF-8"?>
<!-- Generated by org.testng.reporters.JUnitReportReporter -->
<testsuite hostname="Techlearn" failures="0" tests="1" name="dropdownselection.DropdownValues" time="9.420" errors="0" timestamp="2024-09-10T09:37:15 IST" skipped="0">
  <testcase classname="dropdownselection.DropdownValues" name="selectdropdownoptions" time="9.420"/>
</testsuite> <!-- dropdownselection.DropdownValues -->
