<?xml version="1.0" encoding="UTF-8"?>
<!-- Generated by org.testng.reporters.JUnitReportReporter -->
<testsuite hostname="Techlearn" failures="0" tests="2" name="testngframework.TestNG_4_DependsOnMethods" time="4.907" errors="0" timestamp="2024-09-03T09:35:14 IST" skipped="0">
  <testcase classname="testngframework.TestNG_4_DependsOnMethods" name="method1" time="3.405"/>
  <testcase classname="testngframework.TestNG_4_DependsOnMethods" name="method2" time="1.502"/>
</testsuite> <!-- testngframework.TestNG_4_DependsOnMethods -->
